<?xml version="1.0" encoding="UTF-8"?>
<testng-results ignored="0" total="4" passed="4" failed="0" skipped="0">
  <reporter-output>
  </reporter-output>
  <suite started-at="2023-03-28T12:56:51 EDT" name="TPO SDET API Test Suite" finished-at="2023-03-28T12:56:51 EDT" duration-ms="646">
    <groups>
    </groups>
    <test started-at="2023-03-28T12:56:51 EDT" name="Swagger Petstore API Tests" finished-at="2023-03-28T12:56:51 EDT" duration-ms="646">
      <class name="testing.api.test.RestAPIGetTest">
        <test-method signature="RestAPIConnectionTest()[pri:0, instance:testing.api.test.RestAPIGetTest@771a660]" started-at="2023-03-28T12:56:51 EDT" name="RestAPIConnectionTest" finished-at="2023-03-28T12:56:51 EDT" duration-ms="18" status="PASS">
          <reporter-output>
          </reporter-output>
        </test-method> <!-- RestAPIConnectionTest -->
      </class> <!-- testing.api.test.RestAPIGetTest -->
      <class name="testing.api.test.RestAPIPutTest">
        <test-method signature="RestAPIConnectionTest()[pri:0, instance:testing.api.test.RestAPIPutTest@242b836]" started-at="2023-03-28T12:56:51 EDT" name="RestAPIConnectionTest" finished-at="2023-03-28T12:56:51 EDT" duration-ms="105" status="PASS">
          <reporter-output>
          </reporter-output>
        </test-method> <!-- RestAPIConnectionTest -->
      </class> <!-- testing.api.test.RestAPIPutTest -->
      <class name="testing.api.test.RestAPIDeleteTest">
        <test-method signature="RestAPIConnectionTest()[pri:0, instance:testing.api.test.RestAPIDeleteTest@201a4587]" started-at="2023-03-28T12:56:51 EDT" name="RestAPIConnectionTest" finished-at="2023-03-28T12:56:51 EDT" duration-ms="275" status="PASS">
          <reporter-output>
          </reporter-output>
        </test-method> <!-- RestAPIConnectionTest -->
      </class> <!-- testing.api.test.RestAPIDeleteTest -->
      <class name="testing.api.test.RestAPIPostTest">
        <test-method signature="RestAPIConnectionTest()[pri:0, instance:testing.api.test.RestAPIPostTest@2d52216b]" started-at="2023-03-28T12:56:51 EDT" name="RestAPIConnectionTest" finished-at="2023-03-28T12:56:51 EDT" duration-ms="224" status="PASS">
          <reporter-output>
          </reporter-output>
        </test-method> <!-- RestAPIConnectionTest -->
      </class> <!-- testing.api.test.RestAPIPostTest -->
    </test> <!-- Swagger Petstore API Tests -->
  </suite> <!-- TPO SDET API Test Suite -->
</testng-results>
