<?xml version="1.0" encoding="UTF-8"?>
<!-- Generated by org.testng.reporters.JUnitXMLReporter -->
<testsuite ignored="0" hostname="BLD" failures="0" tests="4" name="Swagger Petstore API Tests" time="0.646" errors="0" timestamp="2023-03-28T12:56:51 EDT">
  <testcase classname="testing.api.test.RestAPIDeleteTest" name="RestAPIConnectionTest" time="0.275"/>
  <testcase classname="testing.api.test.RestAPIGetTest" name="RestAPIConnectionTest" time="0.018"/>
  <testcase classname="testing.api.test.RestAPIPostTest" name="RestAPIConnectionTest" time="0.224"/>
  <testcase classname="testing.api.test.RestAPIPutTest" name="RestAPIConnectionTest" time="0.105"/>
</testsuite> <!-- Swagger Petstore API Tests -->
